\BOOKMARK [1][-]{chapter*.2}{\376\377\000W\000e\000l\000c\000o\000m\000e}{}% 1
\BOOKMARK [1][-]{chapter*.2}{\376\377\000T\000y\000p\000o\000g\000r\000a\000p\000h\000i\000c\000\040\000C\000o\000n\000v\000e\000n\000t\000i\000o\000n\000s}{}% 2
\BOOKMARK [0][-]{chapter.1}{\376\377\000I\000n\000t\000r\000o\000d\000u\000c\000t\000i\000o\000n}{}% 3
\BOOKMARK [1][-]{section.1.1}{\376\377\000N\000e\000w\000\040\000F\000e\000a\000t\000u\000r\000e\000s\000\040\000i\000n\000\040\0001\0001\000.\0003}{chapter.1}% 4
\BOOKMARK [2][-]{subsection.1.1.1}{\376\377\000U\0001}{section.1.1}% 5
\BOOKMARK [2][-]{subsection.1.1.2}{\376\377\000U\0002}{section.1.1}% 6
\BOOKMARK [2][-]{subsection.1.1.3}{\376\377\000U\0003}{section.1.1}% 7
\BOOKMARK [2][-]{subsection.1.1.4}{\376\377\000U\0004}{section.1.1}% 8
\BOOKMARK [2][-]{subsection.1.1.5}{\376\377\000U\0005}{section.1.1}% 9
\BOOKMARK [1][-]{section.1.2}{\376\377\000P\000a\000t\000h\000\040\000a\000n\000d\000\040\000N\000a\000m\000e\000\040\000L\000e\000n\000g\000t\000h\000s}{chapter.1}% 10
\BOOKMARK [1][-]{section.1.3}{\376\377\000U\000s\000i\000n\000g\000\040\000t\000h\000e\000\040\000W\000e\000b\000\040\000I\000n\000t\000e\000r\000f\000a\000c\000e}{chapter.1}% 11
\BOOKMARK [2][-]{subsection.1.3.1}{\376\377\000T\000a\000b\000l\000e\000s\000\040\000a\000n\000d\000\040\000C\000o\000l\000u\000m\000n\000s}{section.1.3}% 12
\BOOKMARK [2][-]{subsection.1.3.2}{\376\377\000A\000d\000v\000a\000n\000c\000e\000d\000\040\000S\000c\000h\000e\000d\000u\000l\000e\000r}{section.1.3}% 13
\BOOKMARK [2][-]{subsection.1.3.3}{\376\377\000S\000c\000h\000e\000d\000u\000l\000e\000\040\000C\000a\000l\000e\000n\000d\000a\000r}{section.1.3}% 14
\BOOKMARK [2][-]{subsection.1.3.4}{\376\377\000C\000h\000a\000n\000g\000i\000n\000g\000\040\000F\000r\000e\000e\000N\000A\000S\000\256\000\040\000S\000e\000t\000t\000i\000n\000g\000s}{section.1.3}% 15
\BOOKMARK [2][-]{subsection.1.3.5}{\376\377\000W\000e\000b\000\040\000I\000n\000t\000e\000r\000f\000a\000c\000e\000\040\000T\000r\000o\000u\000b\000l\000e\000s\000h\000o\000o\000t\000i\000n\000g}{section.1.3}% 16
\BOOKMARK [2][-]{subsection.1.3.6}{\376\377\000H\000e\000l\000p\000\040\000T\000e\000x\000t}{section.1.3}% 17
\BOOKMARK [2][-]{subsection.1.3.7}{\376\377\000H\000u\000m\000a\000n\000i\000z\000e\000d\000\040\000F\000i\000e\000l\000d\000s}{section.1.3}% 18
\BOOKMARK [2][-]{subsection.1.3.8}{\376\377\000F\000i\000l\000e\000\040\000B\000r\000o\000w\000s\000e\000r}{section.1.3}% 19
\BOOKMARK [1][-]{section.1.4}{\376\377\000H\000a\000r\000d\000w\000a\000r\000e\000\040\000R\000e\000c\000o\000m\000m\000e\000n\000d\000a\000t\000i\000o\000n\000s}{chapter.1}% 20
\BOOKMARK [2][-]{subsection.1.4.1}{\376\377\000R\000A\000M}{section.1.4}% 21
\BOOKMARK [2][-]{subsection.1.4.2}{\376\377\000T\000h\000e\000\040\000O\000p\000e\000r\000a\000t\000i\000n\000g\000\040\000S\000y\000s\000t\000e\000m\000\040\000D\000e\000v\000i\000c\000e}{section.1.4}% 22
\BOOKMARK [2][-]{subsection.1.4.3}{\376\377\000S\000t\000o\000r\000a\000g\000e\000\040\000D\000i\000s\000k\000s\000\040\000a\000n\000d\000\040\000C\000o\000n\000t\000r\000o\000l\000l\000e\000r\000s}{section.1.4}% 23
\BOOKMARK [2][-]{subsection.1.4.4}{\376\377\000N\000e\000t\000w\000o\000r\000k\000\040\000I\000n\000t\000e\000r\000f\000a\000c\000e\000s}{section.1.4}% 24
\BOOKMARK [1][-]{section.1.5}{\376\377\000G\000e\000t\000t\000i\000n\000g\000\040\000S\000t\000a\000r\000t\000e\000d\000\040\000w\000i\000t\000h\000\040\000Z\000F\000S}{chapter.1}% 25
\BOOKMARK [0][-]{chapter.2}{\376\377\000I\000n\000s\000t\000a\000l\000l\000i\000n\000g\000\040\000a\000n\000d\000\040\000U\000p\000g\000r\000a\000d\000i\000n\000g}{}% 26
\BOOKMARK [1][-]{section.2.1}{\376\377\000G\000e\000t\000t\000i\000n\000g\000\040\000F\000r\000e\000e\000N\000A\000S\000\256}{chapter.2}% 27
\BOOKMARK [2][-]{subsection.2.1.1}{\376\377\000C\000h\000e\000c\000k\000i\000n\000g\000\040\000I\000n\000s\000t\000a\000l\000l\000e\000r\000\040\000I\000n\000t\000e\000g\000r\000i\000t\000y}{section.2.1}% 28
\BOOKMARK [3][-]{subsubsection.2.1.1.1}{\376\377\000P\000G\000P\000\040\000V\000e\000r\000i\000f\000i\000c\000a\000t\000i\000o\000n}{subsection.2.1.1}% 29
\BOOKMARK [3][-]{subsubsection.2.1.1.2}{\376\377\000S\000H\000A\0002\0005\0006\000\040\000V\000e\000r\000i\000f\000i\000c\000a\000t\000i\000o\000n}{subsection.2.1.1}% 30
\BOOKMARK [1][-]{section.2.2}{\376\377\000P\000r\000e\000p\000a\000r\000i\000n\000g\000\040\000t\000h\000e\000\040\000M\000e\000d\000i\000a}{chapter.2}% 31
\BOOKMARK [2][-]{subsection.2.2.1}{\376\377\000O\000n\000\040\000F\000r\000e\000e\000B\000S\000D\000\040\000o\000r\000\040\000L\000i\000n\000u\000x}{section.2.2}% 32
\BOOKMARK [2][-]{subsection.2.2.2}{\376\377\000O\000n\000\040\000W\000i\000n\000d\000o\000w\000s}{section.2.2}% 33
\BOOKMARK [2][-]{subsection.2.2.3}{\376\377\000O\000n\000\040\000m\000a\000c\000O\000S}{section.2.2}% 34
\BOOKMARK [1][-]{section.2.3}{\376\377\000P\000e\000r\000f\000o\000r\000m\000i\000n\000g\000\040\000t\000h\000e\000\040\000I\000n\000s\000t\000a\000l\000l\000a\000t\000i\000o\000n}{chapter.2}% 35
\BOOKMARK [1][-]{section.2.4}{\376\377\000I\000n\000s\000t\000a\000l\000l\000a\000t\000i\000o\000n\000\040\000T\000r\000o\000u\000b\000l\000e\000s\000h\000o\000o\000t\000i\000n\000g}{chapter.2}% 36
\BOOKMARK [1][-]{section.2.5}{\376\377\000U\000p\000g\000r\000a\000d\000i\000n\000g}{chapter.2}% 37
\BOOKMARK [2][-]{subsection.2.5.1}{\376\377\000C\000a\000v\000e\000a\000t\000s}{section.2.5}% 38
\BOOKMARK [2][-]{subsection.2.5.2}{\376\377\000I\000n\000i\000t\000i\000a\000l\000\040\000P\000r\000e\000p\000a\000r\000a\000t\000i\000o\000n}{section.2.5}% 39
\BOOKMARK [2][-]{subsection.2.5.3}{\376\377\000U\000p\000g\000r\000a\000d\000i\000n\000g\000\040\000U\000s\000i\000n\000g\000\040\000t\000h\000e\000\040\000I\000S\000O}{section.2.5}% 40
\BOOKMARK [2][-]{subsection.2.5.4}{\376\377\000U\000p\000g\000r\000a\000d\000i\000n\000g\000\040\000F\000r\000o\000m\000\040\000t\000h\000e\000\040\000W\000e\000b\000\040\000I\000n\000t\000e\000r\000f\000a\000c\000e}{section.2.5}% 41
\BOOKMARK [2][-]{subsection.2.5.5}{\376\377\000I\000f\000\040\000S\000o\000m\000e\000t\000h\000i\000n\000g\000\040\000G\000o\000e\000s\000\040\000W\000r\000o\000n\000g}{section.2.5}% 42
\BOOKMARK [2][-]{subsection.2.5.6}{\376\377\000U\000p\000g\000r\000a\000d\000i\000n\000g\000\040\000a\000\040\000Z\000F\000S\000\040\000P\000o\000o\000l}{section.2.5}% 43
\BOOKMARK [1][-]{section.2.6}{\376\377\000V\000i\000r\000t\000u\000a\000l\000i\000z\000a\000t\000i\000o\000n}{chapter.2}% 44
\BOOKMARK [2][-]{subsection.2.6.1}{\376\377\000V\000i\000r\000t\000u\000a\000l\000B\000o\000x}{section.2.6}% 45
\BOOKMARK [2][-]{subsection.2.6.2}{\376\377\000V\000M\000w\000a\000r\000e\000\040\000E\000S\000X\000i}{section.2.6}% 46
\BOOKMARK [0][-]{chapter.3}{\376\377\000B\000o\000o\000t\000i\000n\000g}{}% 47
\BOOKMARK [1][-]{section.3.1}{\376\377\000O\000b\000t\000a\000i\000n\000i\000n\000g\000\040\000a\000n\000\040\000I\000P\000\040\000A\000d\000d\000r\000e\000s\000s}{chapter.3}% 48
\BOOKMARK [0][-]{chapter.4}{\376\377\000A\000c\000c\000e\000s\000s\000i\000n\000g\000\040\000t\000h\000e\000\040\000W\000e\000b\000\040\000I\000n\000t\000e\000r\000f\000a\000c\000e}{}% 49
\BOOKMARK [1][-]{section.4.1}{\376\377\000W\000e\000b\000\040\000I\000n\000t\000e\000r\000f\000a\000c\000e\000\040\000T\000r\000o\000u\000b\000l\000e\000s\000h\000o\000o\000t\000i\000n\000g}{chapter.4}% 50
\BOOKMARK [0][-]{chapter.5}{\376\377\000S\000e\000t\000t\000i\000n\000g\000s}{}% 51
\BOOKMARK [1][-]{section.5.1}{\376\377\000C\000h\000a\000n\000g\000e\000\040\000P\000a\000s\000s\000w\000o\000r\000d}{chapter.5}% 52
\BOOKMARK [1][-]{section.5.2}{\376\377\000P\000r\000e\000f\000e\000r\000e\000n\000c\000e\000s}{chapter.5}% 53
\BOOKMARK [2][-]{subsection.5.2.1}{\376\377\000W\000e\000b\000\040\000I\000n\000t\000e\000r\000f\000a\000c\000e\000\040\000P\000r\000e\000f\000e\000r\000e\000n\000c\000e\000s}{section.5.2}% 54
\BOOKMARK [2][-]{subsection.5.2.2}{\376\377\000T\000h\000e\000m\000e\000s}{section.5.2}% 55
\BOOKMARK [3][-]{subsubsection.5.2.2.1}{\376\377\000C\000r\000e\000a\000t\000e\000\040\000N\000e\000w\000\040\000T\000h\000e\000m\000e\000s}{subsection.5.2.2}% 56
\BOOKMARK [1][-]{section.5.3}{\376\377\000A\000P\000I\000\040\000D\000o\000c\000u\000m\000e\000n\000t\000a\000t\000i\000o\000n}{chapter.5}% 57
\BOOKMARK [1][-]{section.5.4}{\376\377\000A\000b\000o\000u\000t}{chapter.5}% 58
\BOOKMARK [0][-]{chapter.6}{\376\377\000A\000c\000c\000o\000u\000n\000t\000s}{}% 59
\BOOKMARK [1][-]{section.6.1}{\376\377\000G\000r\000o\000u\000p\000s}{chapter.6}% 60
\BOOKMARK [1][-]{section.6.2}{\376\377\000U\000s\000e\000r\000s}{chapter.6}% 61
\BOOKMARK [0][-]{chapter.7}{\376\377\000S\000y\000s\000t\000e\000m}{}% 62
\BOOKMARK [1][-]{section.7.1}{\376\377\000G\000e\000n\000e\000r\000a\000l}{chapter.7}% 63
\BOOKMARK [1][-]{section.7.2}{\376\377\000N\000T\000P\000\040\000S\000e\000r\000v\000e\000r\000s}{chapter.7}% 64
\BOOKMARK [1][-]{section.7.3}{\376\377\000B\000o\000o\000t}{chapter.7}% 65
\BOOKMARK [2][-]{subsection.7.3.1}{\376\377\000O\000p\000e\000r\000a\000t\000i\000n\000g\000\040\000S\000y\000s\000t\000e\000m\000\040\000D\000e\000v\000i\000c\000e\000\040\000M\000i\000r\000r\000o\000r\000i\000n\000g}{section.7.3}% 66
\BOOKMARK [1][-]{section.7.4}{\376\377\000A\000d\000v\000a\000n\000c\000e\000d}{chapter.7}% 67
\BOOKMARK [2][-]{subsection.7.4.1}{\376\377\000A\000u\000t\000o\000t\000u\000n\000e}{section.7.4}% 68
\BOOKMARK [2][-]{subsection.7.4.2}{\376\377\000S\000e\000l\000f\000-\000E\000n\000c\000r\000y\000p\000t\000i\000n\000g\000\040\000D\000r\000i\000v\000e\000s}{section.7.4}% 69
\BOOKMARK [3][-]{subsubsection.7.4.2.1}{\376\377\000D\000e\000p\000l\000o\000y\000i\000n\000g\000\040\000S\000E\000D\000s}{subsection.7.4.2}% 70
\BOOKMARK [3][-]{subsubsection.7.4.2.2}{\376\377\000C\000h\000e\000c\000k\000\040\000S\000E\000D\000\040\000F\000u\000n\000c\000t\000i\000o\000n\000a\000l\000i\000t\000y}{subsection.7.4.2}% 71
\BOOKMARK [3][-]{subsubsection.7.4.2.3}{\376\377\000M\000a\000n\000a\000g\000i\000n\000g\000\040\000S\000E\000D\000\040\000P\000a\000s\000s\000w\000o\000r\000d\000s\000\040\000a\000n\000d\000\040\000D\000a\000t\000a}{subsection.7.4.2}% 72
\BOOKMARK [1][-]{section.7.5}{\376\377\000E\000m\000a\000i\000l}{chapter.7}% 73
\BOOKMARK [1][-]{section.7.6}{\376\377\000S\000y\000s\000t\000e\000m\000\040\000D\000a\000t\000a\000s\000e\000t}{chapter.7}% 74
\BOOKMARK [1][-]{section.7.7}{\376\377\000R\000e\000p\000o\000r\000t\000i\000n\000g}{chapter.7}% 75
\BOOKMARK [1][-]{section.7.8}{\376\377\000A\000l\000e\000r\000t\000\040\000S\000e\000r\000v\000i\000c\000e\000s}{chapter.7}% 76
\BOOKMARK [1][-]{section.7.9}{\376\377\000A\000l\000e\000r\000t\000\040\000S\000e\000t\000t\000i\000n\000g\000s}{chapter.7}% 77
\BOOKMARK [1][-]{section.7.10}{\376\377\000C\000l\000o\000u\000d\000\040\000C\000r\000e\000d\000e\000n\000t\000i\000a\000l\000s}{chapter.7}% 78
\BOOKMARK [1][-]{section.7.11}{\376\377\000S\000S\000H\000\040\000C\000o\000n\000n\000e\000c\000t\000i\000o\000n\000s}{chapter.7}% 79
\BOOKMARK [2][-]{subsection.7.11.1}{\376\377\000M\000a\000n\000u\000a\000l\000\040\000S\000e\000t\000u\000p}{section.7.11}% 80
\BOOKMARK [2][-]{subsection.7.11.2}{\376\377\000S\000e\000m\000i\000-\000A\000u\000t\000o\000m\000a\000t\000i\000c\000\040\000S\000e\000t\000u\000p}{section.7.11}% 81
\BOOKMARK [1][-]{section.7.12}{\376\377\000S\000S\000H\000\040\000K\000e\000y\000p\000a\000i\000r\000s}{chapter.7}% 82
\BOOKMARK [1][-]{section.7.13}{\376\377\000T\000u\000n\000a\000b\000l\000e\000s}{chapter.7}% 83
\BOOKMARK [1][-]{section.7.14}{\376\377\000U\000p\000d\000a\000t\000e}{chapter.7}% 84
\BOOKMARK [2][-]{subsection.7.14.1}{\376\377\000P\000r\000e\000p\000a\000r\000i\000n\000g\000\040\000f\000o\000r\000\040\000U\000p\000d\000a\000t\000e\000s}{section.7.14}% 85
\BOOKMARK [2][-]{subsection.7.14.2}{\376\377\000U\000p\000d\000a\000t\000e\000s\000\040\000a\000n\000d\000\040\000T\000r\000a\000i\000n\000s}{section.7.14}% 86
\BOOKMARK [2][-]{subsection.7.14.3}{\376\377\000C\000h\000e\000c\000k\000i\000n\000g\000\040\000f\000o\000r\000\040\000U\000p\000d\000a\000t\000e\000s}{section.7.14}% 87
\BOOKMARK [2][-]{subsection.7.14.4}{\376\377\000S\000a\000v\000i\000n\000g\000\040\000t\000h\000e\000\040\000C\000o\000n\000f\000i\000g\000u\000r\000a\000t\000i\000o\000n\000\040\000F\000i\000l\000e}{section.7.14}% 88
\BOOKMARK [2][-]{subsection.7.14.5}{\376\377\000A\000p\000p\000l\000y\000i\000n\000g\000\040\000U\000p\000d\000a\000t\000e\000s}{section.7.14}% 89
\BOOKMARK [2][-]{subsection.7.14.6}{\376\377\000M\000a\000n\000u\000a\000l\000\040\000U\000p\000d\000a\000t\000e\000s}{section.7.14}% 90
\BOOKMARK [2][-]{subsection.7.14.7}{\376\377\000U\000p\000d\000a\000t\000e\000\040\000i\000n\000\040\000P\000r\000o\000g\000r\000e\000s\000s}{section.7.14}% 91
\BOOKMARK [1][-]{section.7.15}{\376\377\000C\000A\000s}{chapter.7}% 92
\BOOKMARK [1][-]{section.7.16}{\376\377\000C\000e\000r\000t\000i\000f\000i\000c\000a\000t\000e\000s}{chapter.7}% 93
\BOOKMARK [2][-]{subsection.7.16.1}{\376\377\000A\000C\000M\000E\000\040\000C\000e\000r\000t\000i\000f\000i\000c\000a\000t\000e\000s}{section.7.16}% 94
\BOOKMARK [1][-]{section.7.17}{\376\377\000A\000C\000M\000E\000\040\000D\000N\000S}{chapter.7}% 95
\BOOKMARK [1][-]{section.7.18}{\376\377\000S\000u\000p\000p\000o\000r\000t}{chapter.7}% 96
\BOOKMARK [0][-]{chapter.8}{\376\377\000T\000a\000s\000k\000s}{}% 97
\BOOKMARK [1][-]{section.8.1}{\376\377\000C\000r\000o\000n\000\040\000J\000o\000b\000s}{chapter.8}% 98
\BOOKMARK [1][-]{section.8.2}{\376\377\000I\000n\000i\000t\000/\000S\000h\000u\000t\000d\000o\000w\000n\000\040\000S\000c\000r\000i\000p\000t\000s}{chapter.8}% 99
\BOOKMARK [1][-]{section.8.3}{\376\377\000R\000s\000y\000n\000c\000\040\000T\000a\000s\000k\000s}{chapter.8}% 100
\BOOKMARK [2][-]{subsection.8.3.1}{\376\377\000R\000s\000y\000n\000c\000\040\000M\000o\000d\000u\000l\000e\000\040\000M\000o\000d\000e}{section.8.3}% 101
\BOOKMARK [2][-]{subsection.8.3.2}{\376\377\000R\000s\000y\000n\000c\000\040\000o\000v\000e\000r\000\040\000S\000S\000H\000\040\000M\000o\000d\000e}{section.8.3}% 102
\BOOKMARK [1][-]{section.8.4}{\376\377\000S\000.\000M\000.\000A\000.\000R\000.\000T\000.\000\040\000T\000e\000s\000t\000s}{chapter.8}% 103
\BOOKMARK [1][-]{section.8.5}{\376\377\000P\000e\000r\000i\000o\000d\000i\000c\000\040\000S\000n\000a\000p\000s\000h\000o\000t\000\040\000T\000a\000s\000k\000s}{chapter.8}% 104
\BOOKMARK [2][-]{subsection.8.5.1}{\376\377\000S\000n\000a\000p\000s\000h\000o\000t\000\040\000A\000u\000t\000o\000r\000e\000m\000o\000v\000a\000l}{section.8.5}% 105
\BOOKMARK [1][-]{section.8.6}{\376\377\000R\000e\000p\000l\000i\000c\000a\000t\000i\000o\000n}{chapter.8}% 106
\BOOKMARK [2][-]{subsection.8.6.1}{\376\377\000R\000e\000p\000l\000i\000c\000a\000t\000i\000o\000n\000\040\000C\000r\000e\000a\000t\000i\000o\000n\000\040\000W\000i\000z\000a\000r\000d}{section.8.6}% 107
\BOOKMARK [2][-]{subsection.8.6.2}{\376\377\000A\000d\000v\000a\000n\000c\000e\000d\000\040\000R\000e\000p\000l\000i\000c\000a\000t\000i\000o\000n\000\040\000C\000r\000e\000a\000t\000i\000o\000n}{section.8.6}% 108
\BOOKMARK [2][-]{subsection.8.6.3}{\376\377\000R\000e\000p\000l\000i\000c\000a\000t\000i\000o\000n\000\040\000T\000a\000s\000k\000s}{section.8.6}% 109
\BOOKMARK [2][-]{subsection.8.6.4}{\376\377\000L\000i\000m\000i\000t\000i\000n\000g\000\040\000R\000e\000p\000l\000i\000c\000a\000t\000i\000o\000n\000\040\000T\000i\000m\000e\000s}{section.8.6}% 110
\BOOKMARK [2][-]{subsection.8.6.5}{\376\377\000T\000r\000o\000u\000b\000l\000e\000s\000h\000o\000o\000t\000i\000n\000g\000\040\000R\000e\000p\000l\000i\000c\000a\000t\000i\000o\000n}{section.8.6}% 111
\BOOKMARK [3][-]{subsubsection.8.6.5.1}{\376\377\000S\000S\000H}{subsection.8.6.5}% 112
\BOOKMARK [3][-]{subsubsection.8.6.5.2}{\376\377\000C\000o\000m\000p\000r\000e\000s\000s\000i\000o\000n}{subsection.8.6.5}% 113
\BOOKMARK [3][-]{subsubsection.8.6.5.3}{\376\377\000M\000a\000n\000u\000a\000l\000\040\000T\000e\000s\000t\000i\000n\000g}{subsection.8.6.5}% 114
\BOOKMARK [1][-]{section.8.7}{\376\377\000R\000e\000s\000i\000l\000v\000e\000r\000\040\000P\000r\000i\000o\000r\000i\000t\000y}{chapter.8}% 115
\BOOKMARK [1][-]{section.8.8}{\376\377\000S\000c\000r\000u\000b\000\040\000T\000a\000s\000k\000s}{chapter.8}% 116
\BOOKMARK [1][-]{section.8.9}{\376\377\000C\000l\000o\000u\000d\000\040\000S\000y\000n\000c\000\040\000T\000a\000s\000k\000s}{chapter.8}% 117
\BOOKMARK [2][-]{subsection.8.9.1}{\376\377\000C\000l\000o\000u\000d\000\040\000S\000y\000n\000c\000\040\000E\000x\000a\000m\000p\000l\000e}{section.8.9}% 118
\BOOKMARK [0][-]{chapter.9}{\376\377\000N\000e\000t\000w\000o\000r\000k}{}% 119
\BOOKMARK [1][-]{section.9.1}{\376\377\000G\000l\000o\000b\000a\000l\000\040\000C\000o\000n\000f\000i\000g\000u\000r\000a\000t\000i\000o\000n}{chapter.9}% 120
\BOOKMARK [1][-]{section.9.2}{\376\377\000I\000n\000t\000e\000r\000f\000a\000c\000e\000s}{chapter.9}% 121
\BOOKMARK [2][-]{subsection.9.2.1}{\376\377\000N\000e\000t\000w\000o\000r\000k\000\040\000B\000r\000i\000d\000g\000e\000s}{section.9.2}% 122
\BOOKMARK [2][-]{subsection.9.2.2}{\376\377\000L\000i\000n\000k\000\040\000A\000g\000g\000r\000e\000g\000a\000t\000i\000o\000n\000s}{section.9.2}% 123
\BOOKMARK [3][-]{subsubsection.9.2.2.1}{\376\377\000L\000A\000C\000P\000,\000\040\000M\000P\000I\000O\000,\000\040\000N\000F\000S\000,\000\040\000a\000n\000d\000\040\000E\000S\000X\000i}{subsection.9.2.2}% 124
\BOOKMARK [3][-]{subsubsection.9.2.2.2}{\376\377\000C\000r\000e\000a\000t\000i\000n\000g\000\040\000a\000\040\000L\000i\000n\000k\000\040\000A\000g\000g\000r\000e\000g\000a\000t\000i\000o\000n}{subsection.9.2.2}% 125
\BOOKMARK [3][-]{subsubsection.9.2.2.3}{\376\377\000L\000i\000n\000k\000\040\000A\000g\000g\000r\000e\000g\000a\000t\000i\000o\000n\000\040\000O\000p\000t\000i\000o\000n\000s}{subsection.9.2.2}% 126
\BOOKMARK [2][-]{subsection.9.2.3}{\376\377\000V\000L\000A\000N\000s}{section.9.2}% 127
\BOOKMARK [1][-]{section.9.3}{\376\377\000I\000P\000M\000I}{chapter.9}% 128
\BOOKMARK [1][-]{section.9.4}{\376\377\000N\000e\000t\000w\000o\000r\000k\000\040\000S\000u\000m\000m\000a\000r\000y}{chapter.9}% 129
\BOOKMARK [1][-]{section.9.5}{\376\377\000S\000t\000a\000t\000i\000c\000\040\000R\000o\000u\000t\000e\000s}{chapter.9}% 130
\BOOKMARK [0][-]{chapter.10}{\376\377\000S\000t\000o\000r\000a\000g\000e}{}% 131
\BOOKMARK [1][-]{section.10.1}{\376\377\000S\000w\000a\000p\000\040\000S\000p\000a\000c\000e}{chapter.10}% 132
\BOOKMARK [1][-]{section.10.2}{\376\377\000P\000o\000o\000l\000s}{chapter.10}% 133
\BOOKMARK [2][-]{subsection.10.2.1}{\376\377\000C\000r\000e\000a\000t\000i\000n\000g\000\040\000P\000o\000o\000l\000s}{section.10.2}% 134
\BOOKMARK [2][-]{subsection.10.2.2}{\376\377\000M\000a\000n\000a\000g\000i\000n\000g\000\040\000E\000n\000c\000r\000y\000p\000t\000e\000d\000\040\000P\000o\000o\000l\000s}{section.10.2}% 135
\BOOKMARK [3][-]{subsubsection.10.2.2.1}{\376\377\000E\000n\000c\000r\000y\000p\000t\000i\000o\000n\000\040\000a\000n\000d\000\040\000R\000e\000c\000o\000v\000e\000r\000y\000\040\000K\000e\000y\000s}{subsection.10.2.2}% 136
\BOOKMARK [3][-]{subsubsection.10.2.2.2}{\376\377\000E\000n\000c\000r\000y\000p\000t\000i\000o\000n\000\040\000O\000p\000e\000r\000a\000t\000i\000o\000n\000s}{subsection.10.2.2}% 137
\BOOKMARK [2][-]{subsection.10.2.3}{\376\377\000A\000d\000d\000i\000n\000g\000\040\000C\000a\000c\000h\000e\000\040\000o\000r\000\040\000L\000o\000g\000\040\000D\000e\000v\000i\000c\000e\000s}{section.10.2}% 138
\BOOKMARK [2][-]{subsection.10.2.4}{\376\377\000R\000e\000m\000o\000v\000i\000n\000g\000\040\000C\000a\000c\000h\000e\000\040\000o\000r\000\040\000L\000o\000g\000\040\000D\000e\000v\000i\000c\000e\000s}{section.10.2}% 139
\BOOKMARK [2][-]{subsection.10.2.5}{\376\377\000A\000d\000d\000i\000n\000g\000\040\000S\000p\000a\000r\000e\000\040\000D\000e\000v\000i\000c\000e\000s}{section.10.2}% 140
\BOOKMARK [2][-]{subsection.10.2.6}{\376\377\000E\000x\000t\000e\000n\000d\000i\000n\000g\000\040\000a\000\040\000P\000o\000o\000l}{section.10.2}% 141
\BOOKMARK [2][-]{subsection.10.2.7}{\376\377\000E\000x\000p\000o\000r\000t\000/\000D\000i\000s\000c\000o\000n\000n\000e\000c\000t\000\040\000a\000\040\000P\000o\000o\000l}{section.10.2}% 142
\BOOKMARK [2][-]{subsection.10.2.8}{\376\377\000I\000m\000p\000o\000r\000t\000i\000n\000g\000\040\000a\000\040\000P\000o\000o\000l}{section.10.2}% 143
\BOOKMARK [2][-]{subsection.10.2.9}{\376\377\000V\000i\000e\000w\000i\000n\000g\000\040\000P\000o\000o\000l\000\040\000S\000c\000r\000u\000b\000\040\000S\000t\000a\000t\000u\000s}{section.10.2}% 144
\BOOKMARK [2][-]{subsection.10.2.10}{\376\377\000A\000d\000d\000i\000n\000g\000\040\000D\000a\000t\000a\000s\000e\000t\000s}{section.10.2}% 145
\BOOKMARK [3][-]{subsubsection.10.2.10.1}{\376\377\000D\000e\000d\000u\000p\000l\000i\000c\000a\000t\000i\000o\000n}{subsection.10.2.10}% 146
\BOOKMARK [3][-]{subsubsection.10.2.10.2}{\376\377\000C\000o\000m\000p\000r\000e\000s\000s\000i\000o\000n}{subsection.10.2.10}% 147
\BOOKMARK [2][-]{subsection.10.2.11}{\376\377\000A\000d\000d\000i\000n\000g\000\040\000Z\000v\000o\000l\000s}{section.10.2}% 148
\BOOKMARK [2][-]{subsection.10.2.12}{\376\377\000S\000e\000t\000t\000i\000n\000g\000\040\000P\000e\000r\000m\000i\000s\000s\000i\000o\000n\000s}{section.10.2}% 149
\BOOKMARK [2][-]{subsection.10.2.13}{\376\377\000A\000C\000L\000\040\000M\000a\000n\000a\000g\000e\000m\000e\000n\000t}{section.10.2}% 150
\BOOKMARK [1][-]{section.10.3}{\376\377\000S\000n\000a\000p\000s\000h\000o\000t\000s}{chapter.10}% 151
\BOOKMARK [2][-]{subsection.10.3.1}{\376\377\000B\000r\000o\000w\000s\000i\000n\000g\000\040\000a\000\040\000S\000n\000a\000p\000s\000h\000o\000t\000\040\000C\000o\000l\000l\000e\000c\000t\000i\000o\000n}{section.10.3}% 152
\BOOKMARK [2][-]{subsection.10.3.2}{\376\377\000C\000r\000e\000a\000t\000i\000n\000g\000\040\000a\000\040\000S\000i\000n\000g\000l\000e\000\040\000S\000n\000a\000p\000s\000h\000o\000t}{section.10.3}% 153
\BOOKMARK [1][-]{section.10.4}{\376\377\000V\000M\000w\000a\000r\000e\000-\000S\000n\000a\000p\000s\000h\000o\000t\000s}{chapter.10}% 154
\BOOKMARK [1][-]{section.10.5}{\376\377\000D\000i\000s\000k\000s}{chapter.10}% 155
\BOOKMARK [2][-]{subsection.10.5.1}{\376\377\000R\000e\000p\000l\000a\000c\000i\000n\000g\000\040\000a\000\040\000F\000a\000i\000l\000e\000d\000\040\000D\000i\000s\000k}{section.10.5}% 156
\BOOKMARK [3][-]{subsubsection.10.5.1.1}{\376\377\000R\000e\000m\000o\000v\000i\000n\000g\000\040\000a\000\040\000L\000o\000g\000\040\000o\000r\000\040\000C\000a\000c\000h\000e\000\040\000D\000e\000v\000i\000c\000e}{subsection.10.5.1}% 157
\BOOKMARK [2][-]{subsection.10.5.2}{\376\377\000R\000e\000p\000l\000a\000c\000i\000n\000g\000\040\000D\000i\000s\000k\000s\000\040\000t\000o\000\040\000G\000r\000o\000w\000\040\000a\000\040\000P\000o\000o\000l}{section.10.5}% 158
\BOOKMARK [1][-]{section.10.6}{\376\377\000I\000m\000p\000o\000r\000t\000i\000n\000g\000\040\000a\000\040\000D\000i\000s\000k}{chapter.10}% 159
\BOOKMARK [1][-]{section.10.7}{\376\377\000M\000u\000l\000t\000i\000p\000a\000t\000h\000s}{chapter.10}% 160
\BOOKMARK [0][-]{chapter.11}{\376\377\000O\000v\000e\000r\000p\000r\000o\000v\000i\000s\000i\000o\000n\000i\000n\000g}{}% 161
\BOOKMARK [0][-]{chapter.12}{\376\377\000D\000i\000r\000e\000c\000t\000o\000r\000y\000\040\000S\000e\000r\000v\000i\000c\000e\000s}{}% 162
\BOOKMARK [1][-]{section.12.1}{\376\377\000A\000c\000t\000i\000v\000e\000\040\000D\000i\000r\000e\000c\000t\000o\000r\000y}{chapter.12}% 163
\BOOKMARK [2][-]{subsection.12.1.1}{\376\377\000L\000e\000a\000v\000i\000n\000g\000\040\000t\000h\000e\000\040\000D\000o\000m\000a\000i\000n}{section.12.1}% 164
\BOOKMARK [2][-]{subsection.12.1.2}{\376\377\000T\000r\000o\000u\000b\000l\000e\000s\000h\000o\000o\000t\000i\000n\000g\000\040\000T\000i\000p\000s}{section.12.1}% 165
\BOOKMARK [1][-]{section.12.2}{\376\377\000L\000D\000A\000P}{chapter.12}% 166
\BOOKMARK [1][-]{section.12.3}{\376\377\000N\000I\000S}{chapter.12}% 167
\BOOKMARK [1][-]{section.12.4}{\376\377\000K\000e\000r\000b\000e\000r\000o\000s\000\040\000R\000e\000a\000l\000m\000s}{chapter.12}% 168
\BOOKMARK [1][-]{section.12.5}{\376\377\000K\000e\000r\000b\000e\000r\000o\000s\000\040\000K\000e\000y\000t\000a\000b\000s}{chapter.12}% 169
\BOOKMARK [1][-]{section.12.6}{\376\377\000K\000e\000r\000b\000e\000r\000o\000s\000\040\000S\000e\000t\000t\000i\000n\000g\000s}{chapter.12}% 170
\BOOKMARK [0][-]{chapter.13}{\376\377\000S\000h\000a\000r\000i\000n\000g}{}% 171
\BOOKMARK [1][-]{section.13.1}{\376\377\000A\000p\000p\000l\000e\000\040\000\050\000A\000F\000P\000\051\000\040\000S\000h\000a\000r\000e\000s}{chapter.13}% 172
\BOOKMARK [2][-]{subsection.13.1.1}{\376\377\000C\000r\000e\000a\000t\000i\000n\000g\000\040\000A\000F\000P\000\040\000G\000u\000e\000s\000t\000\040\000S\000h\000a\000r\000e\000s}{section.13.1}% 173
\BOOKMARK [1][-]{section.13.2}{\376\377\000B\000l\000o\000c\000k\000\040\000\050\000i\000S\000C\000S\000I\000\051}{chapter.13}% 174
\BOOKMARK [2][-]{subsection.13.2.1}{\376\377\000i\000S\000C\000S\000I\000\040\000W\000i\000z\000a\000r\000d}{section.13.2}% 175
\BOOKMARK [2][-]{subsection.13.2.2}{\376\377\000T\000a\000r\000g\000e\000t\000\040\000G\000l\000o\000b\000a\000l\000\040\000C\000o\000n\000f\000i\000g\000u\000r\000a\000t\000i\000o\000n}{section.13.2}% 176
\BOOKMARK [2][-]{subsection.13.2.3}{\376\377\000P\000o\000r\000t\000a\000l\000s}{section.13.2}% 177
\BOOKMARK [2][-]{subsection.13.2.4}{\376\377\000I\000n\000i\000t\000i\000a\000t\000o\000r\000s}{section.13.2}% 178
\BOOKMARK [2][-]{subsection.13.2.5}{\376\377\000A\000u\000t\000h\000o\000r\000i\000z\000e\000d\000\040\000A\000c\000c\000e\000s\000s}{section.13.2}% 179
\BOOKMARK [2][-]{subsection.13.2.6}{\376\377\000T\000a\000r\000g\000e\000t\000s}{section.13.2}% 180
\BOOKMARK [2][-]{subsection.13.2.7}{\376\377\000E\000x\000t\000e\000n\000t\000s}{section.13.2}% 181
\BOOKMARK [2][-]{subsection.13.2.8}{\376\377\000A\000s\000s\000o\000c\000i\000a\000t\000e\000d\000\040\000T\000a\000r\000g\000e\000t\000s}{section.13.2}% 182
\BOOKMARK [2][-]{subsection.13.2.9}{\376\377\000C\000o\000n\000n\000e\000c\000t\000i\000n\000g\000\040\000t\000o\000\040\000i\000S\000C\000S\000I}{section.13.2}% 183
\BOOKMARK [2][-]{subsection.13.2.10}{\376\377\000G\000r\000o\000w\000i\000n\000g\000\040\000L\000U\000N\000s}{section.13.2}% 184
\BOOKMARK [3][-]{subsubsection.13.2.10.1}{\376\377\000Z\000v\000o\000l\000\040\000B\000a\000s\000e\000d\000\040\000L\000U\000N}{subsection.13.2.10}% 185
\BOOKMARK [3][-]{subsubsection.13.2.10.2}{\376\377\000F\000i\000l\000e\000\040\000E\000x\000t\000e\000n\000t\000\040\000B\000a\000s\000e\000d\000\040\000L\000U\000N}{subsection.13.2.10}% 186
\BOOKMARK [1][-]{section.13.3}{\376\377\000U\000n\000i\000x\000\040\000\050\000N\000F\000S\000\051\000\040\000S\000h\000a\000r\000e\000s}{chapter.13}% 187
\BOOKMARK [2][-]{subsection.13.3.1}{\376\377\000E\000x\000a\000m\000p\000l\000e\000\040\000C\000o\000n\000f\000i\000g\000u\000r\000a\000t\000i\000o\000n}{section.13.3}% 188
\BOOKMARK [2][-]{subsection.13.3.2}{\376\377\000C\000o\000n\000n\000e\000c\000t\000i\000n\000g\000\040\000t\000o\000\040\000t\000h\000e\000\040\000S\000h\000a\000r\000e}{section.13.3}% 189
\BOOKMARK [3][-]{subsubsection.13.3.2.1}{\376\377\000F\000r\000o\000m\000\040\000B\000S\000D\000\040\000o\000r\000\040\000L\000i\000n\000u\000x}{subsection.13.3.2}% 190
\BOOKMARK [3][-]{subsubsection.13.3.2.2}{\376\377\000F\000r\000o\000m\000\040\000M\000i\000c\000r\000o\000s\000o\000f\000t}{subsection.13.3.2}% 191
\BOOKMARK [3][-]{subsubsection.13.3.2.3}{\376\377\000F\000r\000o\000m\000\040\000m\000a\000c\000O\000S}{subsection.13.3.2}% 192
\BOOKMARK [2][-]{subsection.13.3.3}{\376\377\000T\000r\000o\000u\000b\000l\000e\000s\000h\000o\000o\000t\000i\000n\000g\000\040\000N\000F\000S}{section.13.3}% 193
\BOOKMARK [1][-]{section.13.4}{\376\377\000W\000e\000b\000D\000A\000V\000\040\000S\000h\000a\000r\000e\000s}{chapter.13}% 194
\BOOKMARK [1][-]{section.13.5}{\376\377\000W\000i\000n\000d\000o\000w\000s\000\040\000\050\000S\000M\000B\000\051\000\040\000S\000h\000a\000r\000e\000s}{chapter.13}% 195
\BOOKMARK [2][-]{subsection.13.5.1}{\376\377\000C\000o\000n\000f\000i\000g\000u\000r\000i\000n\000g\000\040\000U\000n\000a\000u\000t\000h\000e\000n\000t\000i\000c\000a\000t\000e\000d\000\040\000A\000c\000c\000e\000s\000s}{section.13.5}% 196
\BOOKMARK [2][-]{subsection.13.5.2}{\376\377\000C\000o\000n\000f\000i\000g\000u\000r\000i\000n\000g\000\040\000A\000u\000t\000h\000e\000n\000t\000i\000c\000a\000t\000e\000d\000\040\000A\000c\000c\000e\000s\000s\000\040\000W\000i\000t\000h\000\040\000L\000o\000c\000a\000l\000\040\000U\000s\000e\000r\000s}{section.13.5}% 197
\BOOKMARK [2][-]{subsection.13.5.3}{\376\377\000U\000s\000e\000r\000\040\000Q\000u\000o\000t\000a\000\040\000A\000d\000m\000i\000n\000i\000s\000t\000r\000a\000t\000i\000o\000n}{section.13.5}% 198
\BOOKMARK [2][-]{subsection.13.5.4}{\376\377\000C\000o\000n\000f\000i\000g\000u\000r\000i\000n\000g\000\040\000S\000h\000a\000d\000o\000w\000\040\000C\000o\000p\000i\000e\000s}{section.13.5}% 199
\BOOKMARK [1][-]{section.13.6}{\376\377\000C\000r\000e\000a\000t\000i\000n\000g\000\040\000A\000u\000t\000h\000e\000n\000t\000i\000c\000a\000t\000e\000d\000\040\000a\000n\000d\000\040\000T\000i\000m\000e\000\040\000M\000a\000c\000h\000i\000n\000e\000\040\000S\000h\000a\000r\000e\000s}{chapter.13}% 200
\BOOKMARK [2][-]{subsection.13.6.1}{\376\377\000S\000e\000t\000t\000i\000n\000g\000\040\000S\000M\000B\000\040\000a\000n\000d\000\040\000A\000F\000P\000\040\000S\000h\000a\000r\000e\000\040\000Q\000u\000o\000t\000a\000s}{section.13.6}% 201
\BOOKMARK [2][-]{subsection.13.6.2}{\376\377\000C\000l\000i\000e\000n\000t\000\040\000T\000i\000m\000e\000\040\000M\000a\000c\000h\000i\000n\000e\000\040\000C\000o\000n\000f\000i\000g\000u\000r\000a\000t\000i\000o\000n}{section.13.6}% 202
\BOOKMARK [0][-]{chapter.14}{\376\377\000S\000e\000r\000v\000i\000c\000e\000s}{}% 203
\BOOKMARK [1][-]{section.14.1}{\376\377\000C\000o\000n\000f\000i\000g\000u\000r\000e\000\040\000S\000e\000r\000v\000i\000c\000e\000s}{chapter.14}% 204
\BOOKMARK [1][-]{section.14.2}{\376\377\000A\000F\000P}{chapter.14}% 205
\BOOKMARK [2][-]{subsection.14.2.1}{\376\377\000T\000r\000o\000u\000b\000l\000e\000s\000h\000o\000o\000t\000i\000n\000g\000\040\000A\000F\000P}{section.14.2}% 206
\BOOKMARK [1][-]{section.14.3}{\376\377\000D\000y\000n\000a\000m\000i\000c\000\040\000D\000N\000S}{chapter.14}% 207
\BOOKMARK [1][-]{section.14.4}{\376\377\000F\000T\000P}{chapter.14}% 208
\BOOKMARK [2][-]{subsection.14.4.1}{\376\377\000A\000n\000o\000n\000y\000m\000o\000u\000s\000\040\000F\000T\000P}{section.14.4}% 209
\BOOKMARK [2][-]{subsection.14.4.2}{\376\377\000F\000T\000P\000\040\000i\000n\000\040\000c\000h\000r\000o\000o\000t}{section.14.4}% 210
\BOOKMARK [2][-]{subsection.14.4.3}{\376\377\000E\000n\000c\000r\000y\000p\000t\000i\000n\000g\000\040\000F\000T\000P}{section.14.4}% 211
\BOOKMARK [2][-]{subsection.14.4.4}{\376\377\000T\000r\000o\000u\000b\000l\000e\000s\000h\000o\000o\000t\000i\000n\000g\000\040\000F\000T\000P}{section.14.4}% 212
\BOOKMARK [1][-]{section.14.5}{\376\377\000i\000S\000C\000S\000I}{chapter.14}% 213
\BOOKMARK [1][-]{section.14.6}{\376\377\000L\000L\000D\000P}{chapter.14}% 214
\BOOKMARK [1][-]{section.14.7}{\376\377\000N\000F\000S}{chapter.14}% 215
\BOOKMARK [1][-]{section.14.8}{\376\377\000R\000s\000y\000n\000c}{chapter.14}% 216
\BOOKMARK [2][-]{subsection.14.8.1}{\376\377\000C\000o\000n\000f\000i\000g\000u\000r\000e\000\040\000R\000s\000y\000n\000c\000d}{section.14.8}% 217
\BOOKMARK [2][-]{subsection.14.8.2}{\376\377\000R\000s\000y\000n\000c\000\040\000M\000o\000d\000u\000l\000e\000s}{section.14.8}% 218
\BOOKMARK [1][-]{section.14.9}{\376\377\000S\0003}{chapter.14}% 219
\BOOKMARK [1][-]{section.14.10}{\376\377\000S\000.\000M\000.\000A\000.\000R\000.\000T\000.}{chapter.14}% 220
\BOOKMARK [1][-]{section.14.11}{\376\377\000S\000M\000B}{chapter.14}% 221
\BOOKMARK [2][-]{subsection.14.11.1}{\376\377\000T\000r\000o\000u\000b\000l\000e\000s\000h\000o\000o\000t\000i\000n\000g\000\040\000S\000M\000B}{section.14.11}% 222
\BOOKMARK [1][-]{section.14.12}{\376\377\000S\000N\000M\000P}{chapter.14}% 223
\BOOKMARK [1][-]{section.14.13}{\376\377\000S\000S\000H}{chapter.14}% 224
\BOOKMARK [2][-]{subsection.14.13.1}{\376\377\000S\000C\000P\000\040\000O\000n\000l\000y}{section.14.13}% 225
\BOOKMARK [2][-]{subsection.14.13.2}{\376\377\000T\000r\000o\000u\000b\000l\000e\000s\000h\000o\000o\000t\000i\000n\000g\000\040\000S\000S\000H}{section.14.13}% 226
\BOOKMARK [1][-]{section.14.14}{\376\377\000T\000F\000T\000P}{chapter.14}% 227
\BOOKMARK [1][-]{section.14.15}{\376\377\000U\000P\000S}{chapter.14}% 228
\BOOKMARK [2][-]{subsection.14.15.1}{\376\377\000M\000u\000l\000t\000i\000p\000l\000e\000\040\000C\000o\000m\000p\000u\000t\000e\000r\000s\000\040\000w\000i\000t\000h\000\040\000O\000n\000e\000\040\000U\000P\000S}{section.14.15}% 229
\BOOKMARK [1][-]{section.14.16}{\376\377\000W\000e\000b\000D\000A\000V}{chapter.14}% 230
\BOOKMARK [0][-]{chapter.15}{\376\377\000P\000l\000u\000g\000i\000n\000s}{}% 231
\BOOKMARK [1][-]{section.15.1}{\376\377\000I\000n\000s\000t\000a\000l\000l\000i\000n\000g\000\040\000P\000l\000u\000g\000i\000n\000s}{chapter.15}% 232
\BOOKMARK [1][-]{section.15.2}{\376\377\000U\000p\000d\000a\000t\000i\000n\000g\000\040\000P\000l\000u\000g\000i\000n\000s}{chapter.15}% 233
\BOOKMARK [1][-]{section.15.3}{\376\377\000U\000n\000i\000n\000s\000t\000a\000l\000l\000i\000n\000g\000\040\000P\000l\000u\000g\000i\000n\000s}{chapter.15}% 234
\BOOKMARK [1][-]{section.15.4}{\376\377\000C\000r\000e\000a\000t\000e\000\040\000a\000\040\000P\000l\000u\000g\000i\000n}{chapter.15}% 235
\BOOKMARK [2][-]{subsection.15.4.1}{\376\377\000T\000e\000s\000t\000\040\000a\000\040\000P\000l\000u\000g\000i\000n}{section.15.4}% 236
\BOOKMARK [1][-]{section.15.5}{\376\377\000A\000s\000i\000g\000r\000a\000\040\000P\000l\000u\000g\000i\000n}{chapter.15}% 237
\BOOKMARK [0][-]{chapter.16}{\376\377\000J\000a\000i\000l\000s}{}% 238
\BOOKMARK [1][-]{section.16.1}{\376\377\000J\000a\000i\000l\000\040\000S\000t\000o\000r\000a\000g\000e}{chapter.16}% 239
\BOOKMARK [1][-]{section.16.2}{\376\377\000C\000r\000e\000a\000t\000i\000n\000g\000\040\000J\000a\000i\000l\000s}{chapter.16}% 240
\BOOKMARK [2][-]{subsection.16.2.1}{\376\377\000J\000a\000i\000l\000\040\000W\000i\000z\000a\000r\000d}{section.16.2}% 241
\BOOKMARK [2][-]{subsection.16.2.2}{\376\377\000A\000d\000v\000a\000n\000c\000e\000d\000\040\000J\000a\000i\000l\000\040\000C\000r\000e\000a\000t\000i\000o\000n}{section.16.2}% 242
\BOOKMARK [3][-]{subsubsection.16.2.2.1}{\376\377\000C\000r\000e\000a\000t\000i\000n\000g\000\040\000T\000e\000m\000p\000l\000a\000t\000e\000\040\000J\000a\000i\000l\000s}{subsection.16.2.2}% 243
\BOOKMARK [1][-]{section.16.3}{\376\377\000M\000a\000n\000a\000g\000i\000n\000g\000\040\000J\000a\000i\000l\000s}{chapter.16}% 244
\BOOKMARK [2][-]{subsection.16.3.1}{\376\377\000J\000a\000i\000l\000\040\000U\000p\000d\000a\000t\000e\000s\000\040\000a\000n\000d\000\040\000U\000p\000g\000r\000a\000d\000e\000s}{section.16.3}% 245
\BOOKMARK [2][-]{subsection.16.3.2}{\376\377\000A\000c\000c\000e\000s\000s\000i\000n\000g\000\040\000a\000\040\000J\000a\000i\000l\000\040\000U\000s\000i\000n\000g\000\040\000S\000S\000H}{section.16.3}% 246
\BOOKMARK [2][-]{subsection.16.3.3}{\376\377\000A\000d\000d\000i\000t\000i\000o\000n\000a\000l\000\040\000S\000t\000o\000r\000a\000g\000e}{section.16.3}% 247
\BOOKMARK [1][-]{section.16.4}{\376\377\000J\000a\000i\000l\000\040\000S\000o\000f\000t\000w\000a\000r\000e}{chapter.16}% 248
\BOOKMARK [2][-]{subsection.16.4.1}{\376\377\000I\000n\000s\000t\000a\000l\000l\000i\000n\000g\000\040\000F\000r\000e\000e\000B\000S\000D\000\040\000P\000a\000c\000k\000a\000g\000e\000s}{section.16.4}% 249
\BOOKMARK [2][-]{subsection.16.4.2}{\376\377\000C\000o\000m\000p\000i\000l\000i\000n\000g\000\040\000F\000r\000e\000e\000B\000S\000D\000\040\000P\000o\000r\000t\000s}{section.16.4}% 250
\BOOKMARK [2][-]{subsection.16.4.3}{\376\377\000S\000t\000a\000r\000t\000i\000n\000g\000\040\000I\000n\000s\000t\000a\000l\000l\000e\000d\000\040\000S\000o\000f\000t\000w\000a\000r\000e}{section.16.4}% 251
\BOOKMARK [0][-]{chapter.17}{\376\377\000R\000e\000p\000o\000r\000t\000i\000n\000g}{}% 252
\BOOKMARK [0][-]{chapter.18}{\376\377\000V\000i\000r\000t\000u\000a\000l\000\040\000M\000a\000c\000h\000i\000n\000e\000s}{}% 253
\BOOKMARK [1][-]{section.18.1}{\376\377\000C\000r\000e\000a\000t\000i\000n\000g\000\040\000V\000M\000s}{chapter.18}% 254
\BOOKMARK [1][-]{section.18.2}{\376\377\000I\000n\000s\000t\000a\000l\000l\000i\000n\000g\000\040\000D\000o\000c\000k\000e\000r}{chapter.18}% 255
\BOOKMARK [1][-]{section.18.3}{\376\377\000A\000d\000d\000i\000n\000g\000\040\000D\000e\000v\000i\000c\000e\000s\000\040\000t\000o\000\040\000a\000\040\000V\000M}{chapter.18}% 256
\BOOKMARK [2][-]{subsection.18.3.1}{\376\377\000C\000D\000-\000R\000O\000M\000\040\000D\000e\000v\000i\000c\000e\000s}{section.18.3}% 257
\BOOKMARK [2][-]{subsection.18.3.2}{\376\377\000N\000I\000C\000\040\000\050\000N\000e\000t\000w\000o\000r\000k\000\040\000I\000n\000t\000e\000r\000f\000a\000c\000e\000s\000\051}{section.18.3}% 258
\BOOKMARK [2][-]{subsection.18.3.3}{\376\377\000D\000i\000s\000k\000\040\000D\000e\000v\000i\000c\000e\000s}{section.18.3}% 259
\BOOKMARK [2][-]{subsection.18.3.4}{\376\377\000R\000a\000w\000\040\000F\000i\000l\000e\000s}{section.18.3}% 260
\BOOKMARK [2][-]{subsection.18.3.5}{\376\377\000V\000N\000C\000\040\000I\000n\000t\000e\000r\000f\000a\000c\000e}{section.18.3}% 261
\BOOKMARK [0][-]{chapter.19}{\376\377\000D\000i\000s\000p\000l\000a\000y\000\040\000S\000y\000s\000t\000e\000m\000\040\000P\000r\000o\000c\000e\000s\000s\000e\000s}{}% 262
\BOOKMARK [0][-]{chapter.20}{\376\377\000S\000h\000e\000l\000l}{}% 263
\BOOKMARK [0][-]{chapter.21}{\376\377\000L\000o\000g\000\040\000O\000u\000t\000,\000\040\000R\000e\000s\000t\000a\000r\000t\000,\000\040\000o\000r\000\040\000S\000h\000u\000t\000\040\000D\000o\000w\000n}{}% 264
\BOOKMARK [1][-]{section.21.1}{\376\377\000L\000o\000g\000\040\000O\000u\000t}{chapter.21}% 265
\BOOKMARK [1][-]{section.21.2}{\376\377\000R\000e\000s\000t\000a\000r\000t}{chapter.21}% 266
\BOOKMARK [1][-]{section.21.3}{\376\377\000S\000h\000u\000t\000\040\000D\000o\000w\000n}{chapter.21}% 267
\BOOKMARK [0][-]{chapter.22}{\376\377\000A\000l\000e\000r\000t}{}% 268
\BOOKMARK [0][-]{chapter.23}{\376\377\000T\000a\000s\000k\000\040\000M\000a\000n\000a\000g\000e\000r}{}% 269
\BOOKMARK [0][-]{chapter.24}{\376\377\000S\000u\000p\000p\000o\000r\000t\000\040\000R\000e\000s\000o\000u\000r\000c\000e\000s}{}% 270
\BOOKMARK [1][-]{section.24.1}{\376\377\000U\000s\000e\000r\000\040\000G\000u\000i\000d\000e}{chapter.24}% 271
\BOOKMARK [1][-]{section.24.2}{\376\377\000W\000e\000b\000s\000i\000t\000e\000\040\000a\000n\000d\000\040\000S\000o\000c\000i\000a\000l\000\040\000M\000e\000d\000i\000a}{chapter.24}% 272
\BOOKMARK [1][-]{section.24.3}{\376\377\000F\000o\000r\000u\000m\000s}{chapter.24}% 273
\BOOKMARK [1][-]{section.24.4}{\376\377\000I\000R\000C}{chapter.24}% 274
\BOOKMARK [1][-]{section.24.5}{\376\377\000V\000i\000d\000e\000o\000s}{chapter.24}% 275
\BOOKMARK [1][-]{section.24.6}{\376\377\000P\000r\000o\000f\000e\000s\000s\000i\000o\000n\000a\000l\000\040\000S\000u\000p\000p\000o\000r\000t}{chapter.24}% 276
\BOOKMARK [0][-]{chapter.25}{\376\377\000C\000o\000n\000t\000r\000i\000b\000u\000t\000i\000n\000g\000\040\000t\000o\000\040\000F\000r\000e\000e\000N\000A\000S\000\256}{}% 277
\BOOKMARK [1][-]{section.25.1}{\376\377\000T\000r\000a\000n\000s\000l\000a\000t\000i\000o\000n}{chapter.25}% 278
\BOOKMARK [2][-]{subsection.25.1.1}{\376\377\000T\000r\000a\000n\000s\000l\000a\000t\000e\000\040\000w\000i\000t\000h\000\040\000G\000i\000t\000H\000u\000b}{section.25.1}% 279
\BOOKMARK [2][-]{subsection.25.1.2}{\376\377\000D\000o\000w\000n\000l\000o\000a\000d\000\040\000a\000n\000d\000\040\000T\000r\000a\000n\000s\000l\000a\000t\000e\000\040\000O\000f\000f\000l\000i\000n\000e}{section.25.1}% 280
\BOOKMARK [2][-]{subsection.25.1.3}{\376\377\000T\000r\000a\000n\000s\000l\000a\000t\000i\000o\000n\000\040\000P\000u\000l\000l\000\040\000R\000e\000q\000u\000e\000s\000t\000s}{section.25.1}% 281
\BOOKMARK [0][-]{chapter.26}{\376\377\000C\000o\000m\000m\000a\000n\000d\000\040\000L\000i\000n\000e\000\040\000U\000t\000i\000l\000i\000t\000i\000e\000s}{}% 282
\BOOKMARK [1][-]{section.26.1}{\376\377\000I\000p\000e\000r\000f}{chapter.26}% 283
\BOOKMARK [1][-]{section.26.2}{\376\377\000N\000e\000t\000p\000e\000r\000f}{chapter.26}% 284
\BOOKMARK [1][-]{section.26.3}{\376\377\000I\000O\000z\000o\000n\000e}{chapter.26}% 285
\BOOKMARK [1][-]{section.26.4}{\376\377\000a\000r\000c\000s\000t\000a\000t}{chapter.26}% 286
\BOOKMARK [1][-]{section.26.5}{\376\377\000t\000w\000\137\000c\000l\000i}{chapter.26}% 287
\BOOKMARK [1][-]{section.26.6}{\376\377\000M\000e\000g\000a\000C\000l\000i}{chapter.26}% 288
\BOOKMARK [1][-]{section.26.7}{\376\377\000f\000r\000e\000e\000n\000a\000s\000-\000d\000e\000b\000u\000g}{chapter.26}% 289
\BOOKMARK [1][-]{section.26.8}{\376\377\000t\000m\000u\000x}{chapter.26}% 290
\BOOKMARK [1][-]{section.26.9}{\376\377\000D\000m\000i\000d\000e\000c\000o\000d\000e}{chapter.26}% 291
\BOOKMARK [1][-]{section.26.10}{\376\377\000M\000i\000d\000n\000i\000g\000h\000t\000\040\000C\000o\000m\000m\000a\000n\000d\000e\000r}{chapter.26}% 292
\BOOKMARK [0][-]{chapter.27}{\376\377\000Z\000F\000S\000\040\000P\000r\000i\000m\000e\000r}{}% 293
\BOOKMARK [1][-]{section.27.1}{\376\377\000Z\000F\000S\000\040\000F\000e\000a\000t\000u\000r\000e\000\040\000F\000l\000a\000g\000s}{chapter.27}% 294
\BOOKMARK [0][-]{chapter.28}{\376\377\000O\000p\000e\000n\000S\000t\000a\000c\000k\000\040\000C\000i\000n\000d\000e\000r\000\040\000D\000r\000i\000v\000e\000r}{}% 295
\BOOKMARK [0][-]{chapter.29}{\376\377\000V\000M\000w\000a\000r\000e\000\040\000R\000e\000c\000o\000m\000m\000e\000n\000d\000a\000t\000i\000o\000n\000s}{}% 296
\BOOKMARK [1][-]{section.29.1}{\376\377\000F\000r\000e\000e\000N\000A\000S\000\256\000\040\000a\000s\000\040\000a\000\040\000V\000M\000w\000a\000r\000e\000\040\000G\000u\000e\000s\000t}{chapter.29}% 297
\BOOKMARK [1][-]{section.29.2}{\376\377\000H\000o\000s\000t\000i\000n\000g\000\040\000V\000M\000w\000a\000r\000e\000\040\000S\000t\000o\000r\000a\000g\000e\000\040\000w\000i\000t\000h\000\040\000F\000r\000e\000e\000N\000A\000S\000\256}{chapter.29}% 298
\BOOKMARK [1][-]{section.29.3}{\376\377\000V\000A\000A\000I\000\040\000f\000o\000r\000\040\000i\000S\000C\000S\000I}{chapter.29}% 299
\BOOKMARK [0][-]{chapter.30}{\376\377\000U\000s\000i\000n\000g\000\040\000t\000h\000e\000\040\000A\000P\000I}{}% 300
\BOOKMARK [1][-]{section.30.1}{\376\377\000A\000\040\000S\000i\000m\000p\000l\000e\000\040\000A\000P\000I\000\040\000E\000x\000a\000m\000p\000l\000e}{chapter.30}% 301
\BOOKMARK [1][-]{section.30.2}{\376\377\000A\000\040\000M\000o\000r\000e\000\040\000C\000o\000m\000p\000l\000e\000x\000\040\000E\000x\000a\000m\000p\000l\000e}{chapter.30}% 302
